<?xml version="1.0" encoding="UTF-8"?>
<!--
  Copyright (c) 2004-2020, Jean-Baptiste BRIAUD. All Rights Reserved.

  Licensed under the Apache License, Version 2.0 (the "License");
  you may not use this file except in compliance with the License.
  You may obtain a copy of the License at

      http://www.apache.org/licenses/LICENSE-2.0

  Unless required by applicable law or agreed to in writing, software
  distributed under the License is distributed on an "AS IS" BASIS,
  WITHOUT WARRANTIES OR CONDITIONS OF ANY KIND, either express or implied.
  See the License for the specific language governing permissions and
  limitations under the License
-->

<project name="test Ivar grammar" default="test-grammar">

    <target name = "test-grammar" description="">
        <!--Produce the lexer, parser and visitor from SableCC grammar-->
        <ant antfile="../ivar-grammar/build-grammar.xml" target="gen-bss-parser" useNativeBasedir = "true" inheritAll="false"/>
        
        <!--Compile Ivarc : No need as already included in the run dependency-->
        <!--<ant antfile="build.xml" target="compile" useNativeBasedir = "true" inheritAll="false" />-->
           
        <!--Run grammar test suite-->
        <ant antfile="build.xml" target="test" useNativeBasedir = "true" inheritAll="true" >
            <property name="run.class" value="BasicGrammarFoundationTest"/>
        </ant>
        
    </target>
</project>